<?xml version="1.0" encoding="UTF-8"?>
<testng-results skipped="0" failed="0" total="1" passed="1">
  <reporter-output>
  </reporter-output>
  <suite name="Default suite" duration-ms="51766" started-at="2017-05-25T15:49:52Z" finished-at="2017-05-25T15:50:44Z">
    <groups>
    </groups>
    <test name="Default test" duration-ms="51766" started-at="2017-05-25T15:49:52Z" finished-at="2017-05-25T15:50:44Z">
      <class name="TestCases.firstTest">
        <test-method status="PASS" signature="setup()[pri:0, instance:TestCases.firstTest@5dfcfece]" name="setup" is-config="true" duration-ms="8328" started-at="2017-05-25T21:19:52Z" finished-at="2017-05-25T21:20:01Z">
          <reporter-output>
          </reporter-output>
        </test-method> <!-- setup -->
        <test-method status="PASS" signature="test1()[pri:0, instance:TestCases.firstTest@5dfcfece]" name="test1" duration-ms="42583" started-at="2017-05-25T21:20:01Z" finished-at="2017-05-25T21:20:43Z">
          <reporter-output>
          </reporter-output>
        </test-method> <!-- test1 -->
        <test-method status="PASS" signature="cleanup()[pri:0, instance:TestCases.firstTest@5dfcfece]" name="cleanup" is-config="true" duration-ms="834" started-at="2017-05-25T21:20:43Z" finished-at="2017-05-25T21:20:44Z">
          <reporter-output>
          </reporter-output>
        </test-method> <!-- cleanup -->
      </class> <!-- TestCases.firstTest -->
    </test> <!-- Default test -->
  </suite> <!-- Default suite -->
</testng-results>
